android app/SocketCamera/build/outputs/logs/manifest-merger-debug-report.txt
-- Merging decision tree log ---
manifest
ADDED from 1\SocketCamera\AndroidManifest.xml:2:1-28:12
	package
		ADDED from 1\SocketCamera\AndroidManifest.xml:3:7-24
	android:versionName
		ADDED from 1\SocketCamera\AndroidManifest.xml:5:7-32
	android:versionCode
		ADDED from 1\SocketCamera\AndroidManifest.xml:4:7-30
		INJECTED from 1\SocketCamera\AndroidManifest.xml
		INJECTED from 1\SocketCamera\AndroidManifest.xml
	xmlns:android
		ADDED from 1\SocketCamera\AndroidManifest.xml:2:11-69
uses-sdk
ADDED from 1\SocketCamera\AndroidManifest.xml:6:5-43
	android:minSdkVersion
		ADDED from 1\SocketCamera\AndroidManifest.xml:6:15-40
uses-permission#android.permission.INTERNET
ADDED from 1\SocketCamera\AndroidManifest.xml:9:2-63
	android:name
		ADDED from 1\SocketCamera\AndroidManifest.xml:9:19-61
uses-permission#android.permission.CAMERA
ADDED from 1\SocketCamera\AndroidManifest.xml:10:2-62
	android:name
		ADDED from 1\SocketCamera\AndroidManifest.xml:10:19-59
uses-feature#android.hardware.camera
ADDED from 1\SocketCamera\AndroidManifest.xml:11:5-60
	android:name
		ADDED from 1\SocketCamera\AndroidManifest.xml:11:19-57
uses-feature#android.hardware.camera.autofocus
ADDED from 1\SocketCamera\AndroidManifest.xml:12:5-95
	android:required
		ADDED from 1\SocketCamera\AndroidManifest.xml:12:68-92
	android:name
		ADDED from 1\SocketCamera\AndroidManifest.xml:12:19-67
application
ADDED from 1\SocketCamera\AndroidManifest.xml:14:5-25:19
	android:label
		ADDED from 1\SocketCamera\AndroidManifest.xml:14:48-80
	android:icon
		ADDED from 1\SocketCamera\AndroidManifest.xml:14:18-47
activity#com.xzy.SocketCameraActivity
ADDED from 1\SocketCamera\AndroidManifest.xml:15:9-21:20
	android:label
		ADDED from 1\SocketCamera\AndroidManifest.xml:16:19-51
	android:name
		ADDED from 1\SocketCamera\AndroidManifest.xml:15:19-55
intent-filter#android.intent.action.MAIN+android.intent.category.LAUNCHER
ADDED from 1\SocketCamera\AndroidManifest.xml:17:13-20:29
action#android.intent.action.MAIN
ADDED from 1\SocketCamera\AndroidManifest.xml:18:17-69
	android:name
		ADDED from 1\SocketCamera\AndroidManifest.xml:18:25-66
category#android.intent.category.LAUNCHER
ADDED from 1\SocketCamera\AndroidManifest.xml:19:17-77
	android:name
		ADDED from 1\SocketCamera\AndroidManifest.xml:19:27-74
activity#com.xzy.SettingActivity
ADDED from 1\SocketCamera\AndroidManifest.xml:23:1-54
	android:name
		ADDED from 1\SocketCamera\AndroidManifest.xml:23:11-42
uses-permission#android.permission.BLUETOOTH_ADMIN
ADDED from 1\SocketCamera\AndroidManifest.xml:26:5-74
	android:name
		ADDED from 1\SocketCamera\AndroidManifest.xml:26:22-71
uses-permission#android.permission.BLUETOOTH
ADDED from 1\SocketCamera\AndroidManifest.xml:27:5-68
	android:name
		ADDED from 1\SocketCamera\AndroidManifest.xml:27:22-65